Removed Pin From Net: NetName=VCC3V3 Pin=-1
Removed Pin From Net: NetName=GND Pin=C17-1
Removed Pin From Net: NetName=VCC12V Pin=C17-2
Removed Pin From Net: NetName=GND Pin=C18-1
Removed Pin From Net: NetName=VCC12V Pin=C18-2
Removed Pin From Net: NetName=GND Pin=C19-1
Removed Pin From Net: NetName=VCC12V Pin=C19-2
Removed Pin From Net: NetName=GND Pin=C20-1
Removed Pin From Net: NetName=VCC12V Pin=C20-2
Removed Pin From Net: NetName=GND Pin=C21-1
Removed Pin From Net: NetName=VCC12V Pin=C21-2
Removed Pin From Net: NetName=VCC12V Pin=C25-1
Removed Pin From Net: NetName=GND Pin=C25-2
Removed Pin From Net: NetName=VCC12V Pin=C25_1-1
Removed Pin From Net: NetName=GND Pin=C25_1-2
Removed Pin From Net: NetName=VCC12V Pin=C26-1
Removed Pin From Net: NetName=GND Pin=C26-2
Removed Pin From Net: NetName=VCC12V Pin=C26_1-1
Removed Pin From Net: NetName=GND Pin=C26_1-2
Removed Pin From Net: NetName=VCC12V Pin=C27-1
Removed Pin From Net: NetName=GND Pin=C27-2
Removed Pin From Net: NetName=VCC12V Pin=C27_1-1
Removed Pin From Net: NetName=GND Pin=C27_1-2
Change Component Footprint: Designator= Old Footprint=CAPC1608[0603]S-N New Footprint=INDC1005[0402]S
Change Component Footprint: Designator= Old Footprint=CAPC1608[0603]S-N New Footprint=INDC1005[0402]S
Change Component Footprint: Designator= Old Footprint=CAPC1608[0603]S-N New Footprint=INDC1005[0402]S
Change Component Footprint: Designator= Old Footprint=CAPC2012[0805]S-N New Footprint=CAPC1608[0603]S-N
Change Component Footprint: Designator= Old Footprint=CAPC2012[0805]S-N New Footprint=CAPC1608[0603]S-N
Change Component Footprint: Designator= Old Footprint=CAPC2012[0805]S-N New Footprint=CAPC1608[0603]S-N
Change Component Footprint: Designator= Old Footprint=RESC1608[0603]S-N New Footprint=R 0603_L
Change Component Footprint: Designator= Old Footprint=RESC1608[0603]S-N New Footprint=R 0603_L
Change Component Footprint: Designator= Old Footprint=RESC1608[0603]S-N New Footprint=R 0603_L
Change Component Footprint: Designator= Old Footprint=RESC1608[0603]S-N New Footprint=R 0603_L
Change Component Footprint: Designator= Old Footprint=RESC1608[0603]S-N New Footprint=R 0603_L
Change Component Footprint: Designator= Old Footprint=RESC1608[0603]S-N New Footprint=R 0603_L
Change Component Footprint: Designator= Old Footprint=RESC1608[0603]S-N New Footprint=R 0603_L
Change Component Footprint: Designator= Old Footprint=RESC1608[0603]S-N New Footprint=R 0603_L
Change Component Footprint: Designator= Old Footprint=RESC1608[0603]S-N New Footprint=R 0603_L
Change Component Footprint: Designator= Old Footprint=RESC1608[0603]S-N New Footprint=R 0603_L
Change Component Footprint: Designator= Old Footprint=RESC1608[0603]S-N New Footprint=R 0603_L
Change Component Comment : Designator= Old Comment= New Comment=0R @100MHz 500mA
Change Component Comment : Designator= Old Comment= New Comment=0R @100MHz 500mA
Change Component Comment : Designator= Old Comment= New Comment=0R @100MHz 500mA
Change Component Comment : Designator= Old Comment= New Comment=0R
Change Component Comment : Designator= Old Comment= New Comment=0R
Change Component Comment : Designator= Old Comment= New Comment=0R ±1%
Change Component Comment : Designator= Old Comment= New Comment=0R ±1%
Change Component Comment : Designator= Old Comment= New Comment=1K ±1%
Change Component Comment : Designator= Old Comment= New Comment=1K ±1%
Change Component Comment : Designator= Old Comment= New Comment=1K ±1%
Change Component Comment : Designator= Old Comment= New Comment=1K ±1%
Change Component Comment : Designator= Old Comment= New Comment=1K ±1%
Change Component Comment : Designator= Old Comment= New Comment=1K ±1%
Change Component Comment : Designator= Old Comment= New Comment=1K ±1%
Change Component Comment : Designator= Old Comment= New Comment=1K ±1%
Change Component Comment : Designator= Old Comment= New Comment=1K ±1%
Change Component Comment : Designator= Old Comment= New Comment=1K ±1%
Change Component Comment : Designator= Old Comment= New Comment=1K ±1%
Change Component Comment : Designator= Old Comment= New Comment=1K ±1%
Change Component Comment : Designator= Old Comment= New Comment=1K ±1%
Change Component Comment : Designator= Old Comment= New Comment=1K ±1%
Change Component Comment : Designator= Old Comment= New Comment=1K ±1%
Change Component Comment : Designator= Old Comment= New Comment=1K ±1%
Change Component Comment : Designator= Old Comment= New Comment=1K ±1%
Change Component Comment : Designator= Old Comment= New Comment=1K ±1%
Change Component Comment : Designator= Old Comment= New Comment=1K ±1%
Change Component Comment : Designator= Old Comment= New Comment=1K ±1%
Change Component Comment : Designator= Old Comment= New Comment=1M ±1%
Change Component Comment : Designator= Old Comment= New Comment=1N5819
Change Component Comment : Designator= Old Comment= New Comment=1N5819
Change Component Comment : Designator= Old Comment= New Comment=1N5819
Change Component Comment : Designator= Old Comment= New Comment=1N5819
Change Component Comment : Designator= Old Comment= New Comment=1uF ±10% 25V
Change Component Comment : Designator= Old Comment= New Comment=2.7K
Change Component Comment : Designator= Old Comment= New Comment=2.7K ±1%
Change Component Comment : Designator= Old Comment= New Comment=2K ±1%
Change Component Comment : Designator= Old Comment= New Comment=2mR ±1%
Change Component Comment : Designator= Old Comment= New Comment=2mR ±1%
Change Component Comment : Designator= Old Comment= New Comment=2mR ±1%
Change Component Comment : Designator= Old Comment= New Comment=2mR ±1%
Change Component Comment : Designator= Old Comment= New Comment=3.3uH
Change Component Comment : Designator= Old Comment= New Comment=4.7K ±1%
Change Component Comment : Designator= Old Comment= New Comment=4.7K ±1%
Change Component Comment : Designator= Old Comment= New Comment=4.7K ±1%
Change Component Comment : Designator= Old Comment= New Comment=4.7K ±1%
Change Component Comment : Designator= Old Comment= New Comment=4.7uH
Change Component Comment : Designator= Old Comment= New Comment=4.7uH
Change Component Comment : Designator= Old Comment= New Comment=4R7 ±1%
Change Component Comment : Designator= Old Comment= New Comment=4R7 ±1%
Change Component Comment : Designator= Old Comment= New Comment=4R7 ±1%
Change Component Comment : Designator= Old Comment= New Comment=4R7 ±1%
Change Component Comment : Designator= Old Comment= New Comment=4R7 ±1%
Change Component Comment : Designator= Old Comment= New Comment=4R7 ±1%
Change Component Comment : Designator= Old Comment= New Comment=10K
Change Component Comment : Designator= Old Comment= New Comment=10K ±1%
Change Component Comment : Designator= Old Comment= New Comment=10K ±1%
Change Component Comment : Designator= Old Comment= New Comment=10K ±1%
Change Component Comment : Designator= Old Comment= New Comment=10K ±1%
Change Component Comment : Designator= Old Comment= New Comment=10K ±1%
Change Component Comment : Designator= Old Comment= New Comment=10K ±1%
Change Component Comment : Designator= Old Comment= New Comment=10K ±1%
Change Component Comment : Designator= Old Comment= New Comment=10K ±1%
Change Component Comment : Designator= Old Comment= New Comment=10K ±1%
Change Component Comment : Designator= Old Comment= New Comment=10K ±1%
Change Component Comment : Designator= Old Comment= New Comment=10K ±1%
Change Component Comment : Designator= Old Comment= New Comment=10K ±1%
Change Component Comment : Designator= Old Comment= New Comment=10K ±1%
Change Component Comment : Designator= Old Comment= New Comment=10K ±1%
Change Component Comment : Designator= Old Comment= New Comment=10K ±1%
Change Component Comment : Designator= Old Comment= New Comment=10K ±1%
Change Component Comment : Designator= Old Comment= New Comment=10K ±1%
Change Component Comment : Designator= Old Comment= New Comment=10K ±1%
Change Component Comment : Designator= Old Comment= New Comment=10K ±1%
Change Component Comment : Designator= Old Comment= New Comment=10K ±1%
Change Component Comment : Designator= Old Comment= New Comment=10K ±1%
Change Component Comment : Designator= Old Comment= New Comment=10K ±1%
Change Component Comment : Designator= Old Comment= New Comment=10K ±1%
Change Component Comment : Designator= Old Comment= New Comment=10K ±1%
Change Component Comment : Designator= Old Comment= New Comment=10uF ±10% 25V
Change Component Comment : Designator= Old Comment= New Comment=10uF ±10% 25V
Change Component Comment : Designator= Old Comment= New Comment=10uF ±10% 25V
Change Component Comment : Designator= Old Comment= New Comment=10uF ±10% 25V
Change Component Comment : Designator= Old Comment= New Comment=15K ±1%
Change Component Comment : Designator= Old Comment= New Comment=20K ±1%
Change Component Comment : Designator= Old Comment= New Comment=20MHz
Change Component Comment : Designator= Old Comment= New Comment=20pF ±10% 50V
Change Component Comment : Designator= Old Comment= New Comment=20pF ±10% 50V
Change Component Comment : Designator= Old Comment= New Comment=22uF ±10% 10V
Change Component Comment : Designator= Old Comment= New Comment=22uF ±10% 10V
Change Component Comment : Designator= Old Comment= New Comment=22uF ±10% 25V
Change Component Comment : Designator= Old Comment= New Comment=22uF ±10% 25V
Change Component Comment : Designator= Old Comment= New Comment=22uF ±10% 25V
Change Component Comment : Designator= Old Comment= New Comment=22uF ±10% 25V
Change Component Comment : Designator= Old Comment= New Comment=22uF ±10% 25V
Change Component Comment : Designator= Old Comment= New Comment=30K ±1%
Change Component Comment : Designator= Old Comment= New Comment=45.3K ±1%
Change Component Comment : Designator= Old Comment= New Comment=47K
Change Component Comment : Designator= Old Comment= New Comment=47K
Change Component Comment : Designator= Old Comment= New Comment=47K
Change Component Comment : Designator= Old Comment= New Comment=47K
Change Component Comment : Designator= Old Comment= New Comment=47K
Change Component Comment : Designator= Old Comment= New Comment=47K
Change Component Comment : Designator= Old Comment= New Comment=47K
Change Component Comment : Designator= Old Comment= New Comment=51K ±1%
Change Component Comment : Designator= Old Comment= New Comment=73.2K ±1%
Change Component Comment : Designator= Old Comment= New Comment=100nF ±10% 50V
Change Component Comment : Designator= Old Comment= New Comment=100nF ±10% 50V
Change Component Comment : Designator= Old Comment= New Comment=100nF ±10% 50V
Change Component Comment : Designator= Old Comment= New Comment=100nF ±10% 50V
Change Component Comment : Designator= Old Comment= New Comment=100nF ±10% 50V
Change Component Comment : Designator= Old Comment= New Comment=100nF ±10% 50V
Change Component Comment : Designator= Old Comment= New Comment=100nF ±10% 50V
Change Component Comment : Designator= Old Comment= New Comment=100nF ±10% 50V
Change Component Comment : Designator= Old Comment= New Comment=100nF ±10% 50V
Change Component Comment : Designator= Old Comment= New Comment=100nF ±10% 50V
Change Component Comment : Designator= Old Comment= New Comment=100nF ±10% 50V
Change Component Comment : Designator= Old Comment= New Comment=100nF ±10% 50V
Change Component Comment : Designator= Old Comment= New Comment=100nF ±10% 50V
Change Component Comment : Designator= Old Comment= New Comment=100nF ±10% 50V
Change Component Comment : Designator= Old Comment= New Comment=100nF ±10% 50V
Change Component Comment : Designator= Old Comment= New Comment=100nF ±10% 50V
Change Component Comment : Designator= Old Comment= New Comment=100nF ±10% 50V
Change Component Comment : Designator= Old Comment= New Comment=100nF ±10% 50V
Change Component Comment : Designator= Old Comment= New Comment=100nF ±10% 50V
Change Component Comment : Designator= Old Comment= New Comment=100nF ±10% 50V
Change Component Comment : Designator= Old Comment= New Comment=100nF ±10% 50V
Change Component Comment : Designator= Old Comment= New Comment=100nF ±10% 50V
Change Component Comment : Designator= Old Comment= New Comment=100nF ±10% 50V
Change Component Comment : Designator= Old Comment= New Comment=100nF ±10% 50V
Change Component Comment : Designator= Old Comment= New Comment=100nF ±10% 50V
Change Component Comment : Designator= Old Comment= New Comment=100nF ±10% 50V
Change Component Comment : Designator= Old Comment= New Comment=100nF ±10% 50V
Change Component Comment : Designator= Old Comment= New Comment=100nF ±10% 50V
Change Component Comment : Designator= Old Comment= New Comment=100nF ±10% 50V
Change Component Comment : Designator= Old Comment= New Comment=100nF ±10% 50V
Change Component Comment : Designator= Old Comment= New Comment=100nF ±10% 50V
Change Component Comment : Designator= Old Comment= New Comment=100nF ±10% 50V
Change Component Comment : Designator= Old Comment= New Comment=100nF ±10% 50V
Change Component Comment : Designator= Old Comment= New Comment=100nF ±10% 50V
Change Component Comment : Designator= Old Comment= New Comment=100nF ±10% 50V
Change Component Comment : Designator= Old Comment= New Comment=100nF ±10% 50V
Change Component Comment : Designator= Old Comment= New Comment=100nF ±10% 50V
Change Component Comment : Designator= Old Comment= New Comment=100nF ±10% 50V
Change Component Comment : Designator= Old Comment= New Comment=100nF ±10% 50V
Change Component Comment : Designator= Old Comment= New Comment=100R ±1%
Change Component Comment : Designator= Old Comment= New Comment=100R ±1%
Change Component Comment : Designator= Old Comment= New Comment=100R ±1%
Change Component Comment : Designator= Old Comment= New Comment=100R ±1%
Change Component Comment : Designator= Old Comment= New Comment=100R ±1%
Change Component Comment : Designator= Old Comment= New Comment=100R ±1%
Change Component Comment : Designator= Old Comment= New Comment=100R ±1%
Change Component Comment : Designator= Old Comment= New Comment=100R ±1%
Change Component Comment : Designator= Old Comment= New Comment=100R ±1%
Change Component Comment : Designator= Old Comment= New Comment=100R ±1%
Change Component Comment : Designator= Old Comment= New Comment=100R ±1%
Change Component Comment : Designator= Old Comment= New Comment=100R ±1%
Change Component Comment : Designator= Old Comment= New Comment=100R ±1%
Change Component Comment : Designator= Old Comment= New Comment=100R ±1%
Change Component Comment : Designator= Old Comment= New Comment=100R ±1%
Change Component Comment : Designator= Old Comment= New Comment=100R ±1%
Change Component Comment : Designator= Old Comment= New Comment=100R ±1%
Change Component Comment : Designator= Old Comment= New Comment=150K ±1%
Change Component Comment : Designator= Old Comment= New Comment=150K ±1%
Change Component Comment : Designator= Old Comment= New Comment=150K ±1%
Change Component Comment : Designator= Old Comment= New Comment=150K ±1%
Change Component Comment : Designator= Old Comment= New Comment=150K ±1%
Change Component Comment : Designator= Old Comment= New Comment=150K ±1%
Change Component Comment : Designator= Old Comment= New Comment=150K ±1%
Change Component Comment : Designator= Old Comment= New Comment=150K ±1%
Change Component Comment : Designator= Old Comment= New Comment=220pF ±10% 25V
Change Component Comment : Designator= Old Comment= New Comment=220pF ±10% 25V
Change Component Comment : Designator= Old Comment= New Comment=680R ±1%
Change Component Comment : Designator= Old Comment= New Comment=AUIRS2181
Change Component Comment : Designator= Old Comment= New Comment=AUIRS2181
Change Component Comment : Designator= Old Comment= New Comment=AUIRS2181
Change Component Comment : Designator= Old Comment= New Comment=BSC014N04LS
Change Component Comment : Designator= Old Comment= New Comment=BSC014N04LS
Change Component Comment : Designator= Old Comment= New Comment=BSC014N04LS
Change Component Comment : Designator= Old Comment= New Comment=BSC014N04LS
Change Component Comment : Designator= Old Comment= New Comment=BSC014N04LS
Change Component Comment : Designator= Old Comment= New Comment=BSC014N04LS
Change Component Comment : Designator= Old Comment= New Comment=BSC014N04LS
Change Component Comment : Designator= Old Comment= New Comment=BSC014N04LS
Change Component Comment : Designator= Old Comment= New Comment=BSC014N04LS
Change Component Comment : Designator= Old Comment= New Comment=BSC014N04LS
Change Component Comment : Designator= Old Comment= New Comment=BSC014N04LS
Change Component Comment : Designator= Old Comment= New Comment=BSC014N04LS
Change Component Comment : Designator= Old Comment= New Comment=BSL215C
Change Component Comment : Designator= Old Comment= New Comment=Button
Change Component Comment : Designator= Old Comment= New Comment=COS8552SR
Change Component Comment : Designator= Old Comment= New Comment=COS8552SR
Change Component Comment : Designator= Old Comment= New Comment=COS8552SR
Change Component Comment : Designator= Old Comment= New Comment=ETA7014
Change Component Comment : Designator= Old Comment= New Comment=Header 3X2
Change Component Comment : Designator= Old Comment= New Comment=Header 5X2
Change Component Comment : Designator= Old Comment= New Comment=Header 6
Change Component Comment : Designator= Old Comment= New Comment=MMSZ3V6
Change Component Comment : Designator= Old Comment= New Comment=RY8121
Change Component Comment : Designator= Old Comment= New Comment=RY8121
Change Component Comment : Designator= Old Comment= New Comment=SAK-TC264D-40F200N
Change Component Comment : Designator= Old Comment= New Comment=SMDJ20CA
Change Component Comment : Designator= Old Comment= New Comment=SS54
Change Component Comment : Designator= Old Comment= New Comment=SS54
Change Component Comment : Designator= Old Comment= New Comment=红色贴片LED
Change Component Comment : Designator= Old Comment= New Comment=红色贴片LED
Change Component Comment : Designator= Old Comment= New Comment=翠绿贴片LED
Change Component Comment : Designator= Old Comment= New Comment=蓝色贴片LED
Change Component Comment : Designator= Old Comment= New Comment=蓝色贴片LED
Change Component Comment : Designator= Old Comment= New Comment=蓝色贴片LED
Change Component Comment : Designator= Old Comment= New Comment=黄色贴片LED
Change Component Designator: OldDesignator= NewDesignator=3V3
Change Component Designator: OldDesignator= NewDesignator=5V
Change Component Designator: OldDesignator= NewDesignator=ADC
Change Component Designator: OldDesignator= NewDesignator=C1
Change Component Designator: OldDesignator= NewDesignator=C2
Change Component Designator: OldDesignator= NewDesignator=C3
Change Component Designator: OldDesignator= NewDesignator=C4
Change Component Designator: OldDesignator= NewDesignator=C5
Change Component Designator: OldDesignator= NewDesignator=C6
Change Component Designator: OldDesignator= NewDesignator=C7
Change Component Designator: OldDesignator= NewDesignator=C8
Change Component Designator: OldDesignator= NewDesignator=C9
Change Component Designator: OldDesignator= NewDesignator=C10
Change Component Designator: OldDesignator= NewDesignator=C11
Change Component Designator: OldDesignator= NewDesignator=C12
Change Component Designator: OldDesignator= NewDesignator=C13
Change Component Designator: OldDesignator= NewDesignator=C14
Change Component Designator: OldDesignator= NewDesignator=C15
Change Component Designator: OldDesignator= NewDesignator=C16
Change Component Designator: OldDesignator= NewDesignator=C17
Change Component Designator: OldDesignator= NewDesignator=C18
Change Component Designator: OldDesignator= NewDesignator=C19
Change Component Designator: OldDesignator= NewDesignator=C20
Change Component Designator: OldDesignator= NewDesignator=C21
Change Component Designator: OldDesignator= NewDesignator=C22
Change Component Designator: OldDesignator= NewDesignator=C23
Change Component Designator: OldDesignator= NewDesignator=C24
Change Component Designator: OldDesignator= NewDesignator=C25
Change Component Designator: OldDesignator= NewDesignator=C26
Change Component Designator: OldDesignator= NewDesignator=C27
Change Component Designator: OldDesignator= NewDesignator=C29
Change Component Designator: OldDesignator= NewDesignator=C30
Change Component Designator: OldDesignator= NewDesignator=C31
Change Component Designator: OldDesignator= NewDesignator=C32
Change Component Designator: OldDesignator= NewDesignator=C33
Change Component Designator: OldDesignator= NewDesignator=C34
Change Component Designator: OldDesignator= NewDesignator=C35
Change Component Designator: OldDesignator= NewDesignator=C37
Change Component Designator: OldDesignator= NewDesignator=C38
Change Component Designator: OldDesignator= NewDesignator=C39
Change Component Designator: OldDesignator= NewDesignator=C40
Change Component Designator: OldDesignator= NewDesignator=C41
Change Component Designator: OldDesignator= NewDesignator=C42
Change Component Designator: OldDesignator= NewDesignator=C43
Change Component Designator: OldDesignator= NewDesignator=C44
Change Component Designator: OldDesignator= NewDesignator=C45
Change Component Designator: OldDesignator= NewDesignator=C49
Change Component Designator: OldDesignator= NewDesignator=C50
Change Component Designator: OldDesignator= NewDesignator=C51
Change Component Designator: OldDesignator= NewDesignator=C52
Change Component Designator: OldDesignator= NewDesignator=C53
Change Component Designator: OldDesignator= NewDesignator=C54
Change Component Designator: OldDesignator= NewDesignator=C55
Change Component Designator: OldDesignator= NewDesignator=C56
Change Component Designator: OldDesignator= NewDesignator=C57
Change Component Designator: OldDesignator= NewDesignator=C58
Change Component Designator: OldDesignator= NewDesignator=C59
Change Component Designator: OldDesignator= NewDesignator=C60
Change Component Designator: OldDesignator= NewDesignator=D1
Change Component Designator: OldDesignator= NewDesignator=D2
Change Component Designator: OldDesignator= NewDesignator=D6
Change Component Designator: OldDesignator= NewDesignator=D7
Change Component Designator: OldDesignator= NewDesignator=D8
Change Component Designator: OldDesignator= NewDesignator=D9
Change Component Designator: OldDesignator= NewDesignator=D10
Change Component Designator: OldDesignator= NewDesignator=D11
Change Component Designator: OldDesignator= NewDesignator=EN
Change Component Designator: OldDesignator= NewDesignator=ERR1
Change Component Designator: OldDesignator= NewDesignator=FB1
Change Component Designator: OldDesignator= NewDesignator=FB2
Change Component Designator: OldDesignator= NewDesignator=FB3
Change Component Designator: OldDesignator= NewDesignator=Hall1
Change Component Designator: OldDesignator= NewDesignator=JP1
Change Component Designator: OldDesignator= NewDesignator=L1
Change Component Designator: OldDesignator= NewDesignator=L2
Change Component Designator: OldDesignator= NewDesignator=L3
Change Component Designator: OldDesignator= NewDesignator=PWM1
Change Component Designator: OldDesignator= NewDesignator=Q1
Change Component Designator: OldDesignator= NewDesignator=Q2
Change Component Designator: OldDesignator= NewDesignator=Q3
Change Component Designator: OldDesignator= NewDesignator=Q4
Change Component Designator: OldDesignator= NewDesignator=Q5
Change Component Designator: OldDesignator= NewDesignator=Q6
Change Component Designator: OldDesignator= NewDesignator=Q7
Change Component Designator: OldDesignator= NewDesignator=Q8
Change Component Designator: OldDesignator= NewDesignator=Q9
Change Component Designator: OldDesignator= NewDesignator=Q10
Change Component Designator: OldDesignator= NewDesignator=Q11
Change Component Designator: OldDesignator= NewDesignator=Q12
Change Component Designator: OldDesignator= NewDesignator=Q13
Change Component Designator: OldDesignator= NewDesignator=R1
Change Component Designator: OldDesignator= NewDesignator=R2
Change Component Designator: OldDesignator= NewDesignator=R3
Change Component Designator: OldDesignator= NewDesignator=R4
Change Component Designator: OldDesignator= NewDesignator=R5
Change Component Designator: OldDesignator= NewDesignator=R6
Change Component Designator: OldDesignator= NewDesignator=R7
Change Component Designator: OldDesignator= NewDesignator=R8
Change Component Designator: OldDesignator= NewDesignator=R9
Change Component Designator: OldDesignator= NewDesignator=R10
Change Component Designator: OldDesignator= NewDesignator=R11
Change Component Designator: OldDesignator= NewDesignator=R12
Change Component Designator: OldDesignator= NewDesignator=R13
Change Component Designator: OldDesignator= NewDesignator=R14
Change Component Designator: OldDesignator= NewDesignator=R15
Change Component Designator: OldDesignator= NewDesignator=R16
Change Component Designator: OldDesignator= NewDesignator=R17
Change Component Designator: OldDesignator= NewDesignator=R18
Change Component Designator: OldDesignator= NewDesignator=R19
Change Component Designator: OldDesignator= NewDesignator=R20
Change Component Designator: OldDesignator= NewDesignator=R21
Change Component Designator: OldDesignator= NewDesignator=R22
Change Component Designator: OldDesignator= NewDesignator=R23
Change Component Designator: OldDesignator= NewDesignator=R24
Change Component Designator: OldDesignator= NewDesignator=R25
Change Component Designator: OldDesignator= NewDesignator=R26
Change Component Designator: OldDesignator= NewDesignator=R27
Change Component Designator: OldDesignator= NewDesignator=R28
Change Component Designator: OldDesignator= NewDesignator=R29
Change Component Designator: OldDesignator= NewDesignator=R30
Change Component Designator: OldDesignator= NewDesignator=R31
Change Component Designator: OldDesignator= NewDesignator=R32
Change Component Designator: OldDesignator= NewDesignator=R33
Change Component Designator: OldDesignator= NewDesignator=R34
Change Component Designator: OldDesignator= NewDesignator=R35
Change Component Designator: OldDesignator= NewDesignator=R36
Change Component Designator: OldDesignator= NewDesignator=R37
Change Component Designator: OldDesignator= NewDesignator=R38
Change Component Designator: OldDesignator= NewDesignator=R39
Change Component Designator: OldDesignator= NewDesignator=R40
Change Component Designator: OldDesignator= NewDesignator=R41
Change Component Designator: OldDesignator= NewDesignator=R42
Change Component Designator: OldDesignator= NewDesignator=R43
Change Component Designator: OldDesignator= NewDesignator=R44
Change Component Designator: OldDesignator= NewDesignator=R45
Change Component Designator: OldDesignator= NewDesignator=R46
Change Component Designator: OldDesignator= NewDesignator=R47
Change Component Designator: OldDesignator= NewDesignator=R48
Change Component Designator: OldDesignator= NewDesignator=R50
Change Component Designator: OldDesignator= NewDesignator=R51
Change Component Designator: OldDesignator= NewDesignator=R52
Change Component Designator: OldDesignator= NewDesignator=R53
Change Component Designator: OldDesignator= NewDesignator=R54
Change Component Designator: OldDesignator= NewDesignator=R55
Change Component Designator: OldDesignator= NewDesignator=R56
Change Component Designator: OldDesignator= NewDesignator=R57
Change Component Designator: OldDesignator= NewDesignator=R58
Change Component Designator: OldDesignator= NewDesignator=R59
Change Component Designator: OldDesignator= NewDesignator=R60
Change Component Designator: OldDesignator= NewDesignator=R61
Change Component Designator: OldDesignator= NewDesignator=R62
Change Component Designator: OldDesignator= NewDesignator=R63
Change Component Designator: OldDesignator= NewDesignator=R64
Change Component Designator: OldDesignator= NewDesignator=R65
Change Component Designator: OldDesignator= NewDesignator=R66
Change Component Designator: OldDesignator= NewDesignator=R67
Change Component Designator: OldDesignator= NewDesignator=R68
Change Component Designator: OldDesignator= NewDesignator=R69
Change Component Designator: OldDesignator= NewDesignator=R70
Change Component Designator: OldDesignator= NewDesignator=R71
Change Component Designator: OldDesignator= NewDesignator=R72
Change Component Designator: OldDesignator= NewDesignator=R73
Change Component Designator: OldDesignator= NewDesignator=R74
Change Component Designator: OldDesignator= NewDesignator=R75
Change Component Designator: OldDesignator= NewDesignator=R76
Change Component Designator: OldDesignator= NewDesignator=R77
Change Component Designator: OldDesignator= NewDesignator=R78
Change Component Designator: OldDesignator= NewDesignator=R79
Change Component Designator: OldDesignator= NewDesignator=R80
Change Component Designator: OldDesignator= NewDesignator=R81
Change Component Designator: OldDesignator= NewDesignator=R82
Change Component Designator: OldDesignator= NewDesignator=R83
Change Component Designator: OldDesignator= NewDesignator=R84
Change Component Designator: OldDesignator= NewDesignator=R85
Change Component Designator: OldDesignator= NewDesignator=R86
Change Component Designator: OldDesignator= NewDesignator=R87
Change Component Designator: OldDesignator= NewDesignator=R88
Change Component Designator: OldDesignator= NewDesignator=R89
Change Component Designator: OldDesignator= NewDesignator=R90
Change Component Designator: OldDesignator= NewDesignator=R91
Change Component Designator: OldDesignator= NewDesignator=R92
Change Component Designator: OldDesignator= NewDesignator=R93
Change Component Designator: OldDesignator= NewDesignator=R94
Change Component Designator: OldDesignator= NewDesignator=R95
Change Component Designator: OldDesignator= NewDesignator=R96
Change Component Designator: OldDesignator= NewDesignator=R97
Change Component Designator: OldDesignator= NewDesignator=R98
Change Component Designator: OldDesignator= NewDesignator=R99
Change Component Designator: OldDesignator= NewDesignator=R100
Change Component Designator: OldDesignator= NewDesignator=R101
Change Component Designator: OldDesignator= NewDesignator=R102
Change Component Designator: OldDesignator= NewDesignator=R103
Change Component Designator: OldDesignator= NewDesignator=R104
Change Component Designator: OldDesignator= NewDesignator=R105
Change Component Designator: OldDesignator= NewDesignator=R106
Change Component Designator: OldDesignator= NewDesignator=R107
Change Component Designator: OldDesignator= NewDesignator=RST1
Change Component Designator: OldDesignator= NewDesignator=RUN1
Change Component Designator: OldDesignator= NewDesignator=SIGIN1
Change Component Designator: OldDesignator= NewDesignator=U1
Change Component Designator: OldDesignator= NewDesignator=U2
Change Component Designator: OldDesignator= NewDesignator=U3
Change Component Designator: OldDesignator= NewDesignator=U4
Change Component Designator: OldDesignator= NewDesignator=U5
Change Component Designator: OldDesignator= NewDesignator=U6
Change Component Designator: OldDesignator= NewDesignator=U7
Change Component Designator: OldDesignator= NewDesignator=U8
Change Component Designator: OldDesignator= NewDesignator=U9
Change Component Designator: OldDesignator= NewDesignator=U10
Change Component Designator: OldDesignator= NewDesignator=Y1
Added Component: Designator=*(M3 125X200)
Add component. Clean all parameters for all variants
Add component (AddParameter): Name = "BOM名称"; Value = "铜柱孔"; VariantName = "[No Variations]"
Add component (AddParameter): Name = "学习资源"; Value = "www.ooocke.com"; VariantName = "[No Variations]"
Add component (AddParameter): Name = "版权归属"; Value = "源创客"; VariantName = "[No Variations]"
Added Component: Designator=*(M3 125X200)
Add component. Clean all parameters for all variants
Add component (AddParameter): Name = "BOM名称"; Value = "铜柱孔"; VariantName = "[No Variations]"
Add component (AddParameter): Name = "学习资源"; Value = "www.ooocke.com"; VariantName = "[No Variations]"
Add component (AddParameter): Name = "版权归属"; Value = "源创客"; VariantName = "[No Variations]"
Added Component: Designator=*(M3 125X200)
Add component. Clean all parameters for all variants
Add component (AddParameter): Name = "BOM名称"; Value = "铜柱孔"; VariantName = "[No Variations]"
Add component (AddParameter): Name = "学习资源"; Value = "www.ooocke.com"; VariantName = "[No Variations]"
Add component (AddParameter): Name = "版权归属"; Value = "源创客"; VariantName = "[No Variations]"
Added Component: Designator=*(M3 125X200)
Add component. Clean all parameters for all variants
Add component (AddParameter): Name = "BOM名称"; Value = "铜柱孔"; VariantName = "[No Variations]"
Add component (AddParameter): Name = "学习资源"; Value = "www.ooocke.com"; VariantName = "[No Variations]"
Add component (AddParameter): Name = "版权归属"; Value = "源创客"; VariantName = "[No Variations]"
Added Component: Designator=C28(C 1206_L)
Add component. Clean all parameters for all variants
Add component (AddParameter): Name = "BOM名称"; Value = "无极性贴片电容"; VariantName = "[No Variations]"
Add component (AddParameter): Name = "学习资源"; Value = "www.ooocke.com"; VariantName = "[No Variations]"
Add component (AddParameter): Name = "版权归属"; Value = "源创客"; VariantName = "[No Variations]"
Added Component: Designator=C36(C 1206_L)
Add component. Clean all parameters for all variants
Add component (AddParameter): Name = "BOM名称"; Value = "无极性贴片电容"; VariantName = "[No Variations]"
Add component (AddParameter): Name = "学习资源"; Value = "www.ooocke.com"; VariantName = "[No Variations]"
Add component (AddParameter): Name = "版权归属"; Value = "源创客"; VariantName = "[No Variations]"
Added Component: Designator=C46(CM C(5*5.4))
Add component. Clean all parameters for all variants
Add component (AddParameter): Name = "Price(RMB)"; Value = "0.000"; VariantName = "[No Variations]"
Add component (AddParameter): Name = "Published"; Value = "8-Jun-2000"; VariantName = "[No Variations]"
Add component (AddParameter): Name = "Publisher"; Value = "Altium Limited"; VariantName = "[No Variations]"
Add component (AddParameter): Name = "Revision"; Value = "July-2002: Re-released for DXP Platform."; VariantName = "[No Variations]"
Add component (AddParameter): Name = "Value"; Value = "470uF"; VariantName = "[No Variations]"
Add component (AddParameter): Name = "Voltage"; Value = "25V"; VariantName = "[No Variations]"
Added Component: Designator=C47(C 1206_L)
Add component. Clean all parameters for all variants
Add component (AddParameter): Name = "BOM名称"; Value = "无极性贴片电容"; VariantName = "[No Variations]"
Add component (AddParameter): Name = "学习资源"; Value = "www.ooocke.com"; VariantName = "[No Variations]"
Add component (AddParameter): Name = "版权归属"; Value = "源创客"; VariantName = "[No Variations]"
Added Component: Designator=C48(C 1206_L)
Add component. Clean all parameters for all variants
Add component (AddParameter): Name = "BOM名称"; Value = "无极性贴片电容"; VariantName = "[No Variations]"
Add component (AddParameter): Name = "学习资源"; Value = "www.ooocke.com"; VariantName = "[No Variations]"
Add component (AddParameter): Name = "版权归属"; Value = "源创客"; VariantName = "[No Variations]"
Added Component: Designator=C61(C 1206_L)
Add component. Clean all parameters for all variants
Add component (AddParameter): Name = "BOM名称"; Value = "无极性贴片电容"; VariantName = "[No Variations]"
Add component (AddParameter): Name = "学习资源"; Value = "www.ooocke.com"; VariantName = "[No Variations]"
Add component (AddParameter): Name = "版权归属"; Value = "源创客"; VariantName = "[No Variations]"
Added Component: Designator=C62(C 1206_L)
Add component. Clean all parameters for all variants
Add component (AddParameter): Name = "BOM名称"; Value = "无极性贴片电容"; VariantName = "[No Variations]"
Add component (AddParameter): Name = "学习资源"; Value = "www.ooocke.com"; VariantName = "[No Variations]"
Add component (AddParameter): Name = "版权归属"; Value = "源创客"; VariantName = "[No Variations]"
Added Component: Designator=C63(C 1206_L)
Add component. Clean all parameters for all variants
Add component (AddParameter): Name = "BOM名称"; Value = "无极性贴片电容"; VariantName = "[No Variations]"
Add component (AddParameter): Name = "学习资源"; Value = "www.ooocke.com"; VariantName = "[No Variations]"
Add component (AddParameter): Name = "版权归属"; Value = "源创客"; VariantName = "[No Variations]"
Added Component: Designator=C64(CM C(5*5.4))
Add component. Clean all parameters for all variants
Add component (AddParameter): Name = "Price(RMB)"; Value = "0.000"; VariantName = "[No Variations]"
Add component (AddParameter): Name = "Published"; Value = "8-Jun-2000"; VariantName = "[No Variations]"
Add component (AddParameter): Name = "Publisher"; Value = "Altium Limited"; VariantName = "[No Variations]"
Add component (AddParameter): Name = "Revision"; Value = "July-2002: Re-released for DXP Platform."; VariantName = "[No Variations]"
Add component (AddParameter): Name = "Value"; Value = "470uF"; VariantName = "[No Variations]"
Add component (AddParameter): Name = "Voltage"; Value = "25V"; VariantName = "[No Variations]"
Added Component: Designator=C65(CM C(5*5.4))
Add component. Clean all parameters for all variants
Add component (AddParameter): Name = "Price(RMB)"; Value = "0.000"; VariantName = "[No Variations]"
Add component (AddParameter): Name = "Published"; Value = "8-Jun-2000"; VariantName = "[No Variations]"
Add component (AddParameter): Name = "Publisher"; Value = "Altium Limited"; VariantName = "[No Variations]"
Add component (AddParameter): Name = "Revision"; Value = "July-2002: Re-released for DXP Platform."; VariantName = "[No Variations]"
Add component (AddParameter): Name = "Value"; Value = "470uF"; VariantName = "[No Variations]"
Add component (AddParameter): Name = "Voltage"; Value = "25V"; VariantName = "[No Variations]"
Added Component: Designator=C66(CM C(5*5.4))
Add component. Clean all parameters for all variants
Add component (AddParameter): Name = "Price(RMB)"; Value = "0.000"; VariantName = "[No Variations]"
Add component (AddParameter): Name = "Published"; Value = "8-Jun-2000"; VariantName = "[No Variations]"
Add component (AddParameter): Name = "Publisher"; Value = "Altium Limited"; VariantName = "[No Variations]"
Add component (AddParameter): Name = "Revision"; Value = "July-2002: Re-released for DXP Platform."; VariantName = "[No Variations]"
Add component (AddParameter): Name = "Value"; Value = "470uF"; VariantName = "[No Variations]"
Add component (AddParameter): Name = "Voltage"; Value = "25V"; VariantName = "[No Variations]"
Added Component: Designator=C67(CM C(5*5.4))
Add component. Clean all parameters for all variants
Add component (AddParameter): Name = "Price(RMB)"; Value = "0.000"; VariantName = "[No Variations]"
Add component (AddParameter): Name = "Published"; Value = "8-Jun-2000"; VariantName = "[No Variations]"
Add component (AddParameter): Name = "Publisher"; Value = "Altium Limited"; VariantName = "[No Variations]"
Add component (AddParameter): Name = "Revision"; Value = "July-2002: Re-released for DXP Platform."; VariantName = "[No Variations]"
Add component (AddParameter): Name = "Value"; Value = "470uF"; VariantName = "[No Variations]"
Add component (AddParameter): Name = "Voltage"; Value = "25V"; VariantName = "[No Variations]"
Added Component: Designator=ENABLE1(MSK-12C01-07)
Add component. Clean all parameters for all variants
Add component (AddParameter): Name = "Price(RMB)"; Value = "0.000"; VariantName = "[No Variations]"
Add component (AddParameter): Name = "Published"; Value = "24-Mar-1999"; VariantName = "[No Variations]"
Add component (AddParameter): Name = "Publisher"; Value = "Altium Limited"; VariantName = "[No Variations]"
Added Component: Designator=NC1(NODE-1)
Add component. Clean all parameters for all variants
Added Component: Designator=NC2(NODE-1)
Add component. Clean all parameters for all variants
Added Component: Designator=TP1(TEST 0.8)
Add component. Clean all parameters for all variants
Add component (AddParameter): Name = "BOM名称"; Value = "测试点"; VariantName = "[No Variations]"
Add component (AddParameter): Name = "学习资源"; Value = "www.ooocke.com"; VariantName = "[No Variations]"
Add component (AddParameter): Name = "版权归属"; Value = "源创客"; VariantName = "[No Variations]"
Added Component: Designator=TP2(TEST 0.8)
Add component. Clean all parameters for all variants
Add component (AddParameter): Name = "BOM名称"; Value = "测试点"; VariantName = "[No Variations]"
Add component (AddParameter): Name = "学习资源"; Value = "www.ooocke.com"; VariantName = "[No Variations]"
Add component (AddParameter): Name = "版权归属"; Value = "源创客"; VariantName = "[No Variations]"
Added Component: Designator=TP3(TEST 0.8)
Add component. Clean all parameters for all variants
Add component (AddParameter): Name = "BOM名称"; Value = "测试点"; VariantName = "[No Variations]"
Add component (AddParameter): Name = "学习资源"; Value = "www.ooocke.com"; VariantName = "[No Variations]"
Add component (AddParameter): Name = "版权归属"; Value = "源创客"; VariantName = "[No Variations]"
Added Component: Designator=TP4(TEST 0.8)
Add component. Clean all parameters for all variants
Add component (AddParameter): Name = "BOM名称"; Value = "测试点"; VariantName = "[No Variations]"
Add component (AddParameter): Name = "学习资源"; Value = "www.ooocke.com"; VariantName = "[No Variations]"
Add component (AddParameter): Name = "版权归属"; Value = "源创客"; VariantName = "[No Variations]"
Added Component: Designator=TP5(TEST 2.6)
Add component. Clean all parameters for all variants
Add component (AddParameter): Name = "BOM名称"; Value = "测试点"; VariantName = "[No Variations]"
Add component (AddParameter): Name = "学习资源"; Value = "www.ooocke.com"; VariantName = "[No Variations]"
Add component (AddParameter): Name = "版权归属"; Value = "源创客"; VariantName = "[No Variations]"
Added Component: Designator=TP6(TEST 2.6)
Add component. Clean all parameters for all variants
Add component (AddParameter): Name = "BOM名称"; Value = "测试点"; VariantName = "[No Variations]"
Add component (AddParameter): Name = "学习资源"; Value = "www.ooocke.com"; VariantName = "[No Variations]"
Add component (AddParameter): Name = "版权归属"; Value = "源创客"; VariantName = "[No Variations]"
Added Component: Designator=TP7(TEST 0.8)
Add component. Clean all parameters for all variants
Add component (AddParameter): Name = "BOM名称"; Value = "测试点"; VariantName = "[No Variations]"
Add component (AddParameter): Name = "学习资源"; Value = "www.ooocke.com"; VariantName = "[No Variations]"
Add component (AddParameter): Name = "版权归属"; Value = "源创客"; VariantName = "[No Variations]"
Added Component: Designator=TP8(TEST 0.8)
Add component. Clean all parameters for all variants
Add component (AddParameter): Name = "BOM名称"; Value = "测试点"; VariantName = "[No Variations]"
Add component (AddParameter): Name = "学习资源"; Value = "www.ooocke.com"; VariantName = "[No Variations]"
Add component (AddParameter): Name = "版权归属"; Value = "源创客"; VariantName = "[No Variations]"
Added Component: Designator=TP9(TEST 0.8)
Add component. Clean all parameters for all variants
Add component (AddParameter): Name = "BOM名称"; Value = "测试点"; VariantName = "[No Variations]"
Add component (AddParameter): Name = "学习资源"; Value = "www.ooocke.com"; VariantName = "[No Variations]"
Add component (AddParameter): Name = "版权归属"; Value = "源创客"; VariantName = "[No Variations]"
Added Component: Designator=TP10(TEST 0.8)
Add component. Clean all parameters for all variants
Add component (AddParameter): Name = "BOM名称"; Value = "测试点"; VariantName = "[No Variations]"
Add component (AddParameter): Name = "学习资源"; Value = "www.ooocke.com"; VariantName = "[No Variations]"
Add component (AddParameter): Name = "版权归属"; Value = "源创客"; VariantName = "[No Variations]"
Added Pin To Net: NetName=VCC12V Pin=C28-1
Added Pin To Net: NetName=GND Pin=C28-2
Added Pin To Net: NetName=VCC12V Pin=C36-1
Added Pin To Net: NetName=GND Pin=C36-2
Added Pin To Net: NetName=VCC12V Pin=C46-1
Added Pin To Net: NetName=GND Pin=C46-2
Added Pin To Net: NetName=VCC12V Pin=C47-1
Added Pin To Net: NetName=GND Pin=C47-2
Added Pin To Net: NetName=VCC12V Pin=C48-1
Added Pin To Net: NetName=GND Pin=C48-2
Added Pin To Net: NetName=VCC12V Pin=C61-1
Added Pin To Net: NetName=GND Pin=C61-2
Added Pin To Net: NetName=VCC12V Pin=C62-1
Added Pin To Net: NetName=GND Pin=C62-2
Added Pin To Net: NetName=VCC12V Pin=C63-1
Added Pin To Net: NetName=GND Pin=C63-2
Added Pin To Net: NetName=VCC12V Pin=C64-1
Added Pin To Net: NetName=GND Pin=C64-2
Added Pin To Net: NetName=VCC12V Pin=C65-1
Added Pin To Net: NetName=GND Pin=C65-2
Added Pin To Net: NetName=VCC12V Pin=C66-1
Added Pin To Net: NetName=GND Pin=C66-2
Added Pin To Net: NetName=VCC12V Pin=C67-1
Added Pin To Net: NetName=GND Pin=C67-2
Added Pin To Net: NetName=GND Pin=ENABLE1-1
Added Pin To Net: NetName=ENLED Pin=ENABLE1-2
Added Pin To Net: NetName=VCC3V3 Pin=ENABLE1-3
Added Member To Class: ClassName=Port Member=Component * M3
Added Member To Class: ClassName=Port Member=Component * M3
Added Member To Class: ClassName=Port Member=Component * M3
Added Member To Class: ClassName=Port Member=Component * M3
Added Member To Class: ClassName=Port Member=Component 3V3 红色贴片LED
Added Member To Class: ClassName=Port Member=Component 5V 红色贴片LED
Added Member To Class: ClassName=Port Member=Component ADC 蓝色贴片LED
Added Member To Class: ClassName=Port Member=Component C1 100nF ±10% 50V
Added Member To Class: ClassName=Port Member=Component C2 100nF ±10% 50V
Added Member To Class: ClassName=Port Member=Component C3 10uF ±10% 25V
Added Member To Class: ClassName=Port Member=Component C4 22uF ±10% 25V
Added Member To Class: ClassName=Port Member=Component C5 100nF ±10% 50V
Added Member To Class: ClassName=Port Member=Component C6 100nF ±10% 50V
Added Member To Class: ClassName=Port Member=Component C7 10uF ±10% 25V
Added Member To Class: ClassName=Port Member=Component C8 22uF ±10% 25V
Added Member To Class: ClassName=Port Member=Component C9 100nF ±10% 50V
Added Member To Class: ClassName=Port Member=Component C10 100nF ±10% 50V
Added Member To Class: ClassName=Port Member=Component C11 100nF ±10% 50V
Added Member To Class: ClassName=Port Member=Component C12 100nF ±10% 50V
Added Member To Class: ClassName=Port Member=Component C13 100nF ±10% 50V
Added Member To Class: ClassName=Port Member=Component C14 100nF ±10% 50V
Added Member To Class: ClassName=Port Member=Component C15 100nF ±10% 50V
Added Member To Class: ClassName=Port Member=Component C16 100nF ±10% 50V
Added Member To Class: ClassName=Port Member=Component C19 100nF ±10% 50V
Added Member To Class: ClassName=Port Member=Component C20 22uF ±10% 10V
Added Member To Class: ClassName=Port Member=Component C22 20pF ±10% 50V
Added Member To Class: ClassName=Port Member=Component C23 20pF ±10% 50V
Added Member To Class: ClassName=Port Member=Component C24 100nF ±10% 50V
Added Member To Class: ClassName=Port Member=Component C27 100nF ±10% 50V
Added Member To Class: ClassName=Port Member=Component C28 22μF/35V
Added Member To Class: ClassName=Port Member=Component C29 100nF ±10% 50V
Added Member To Class: ClassName=Port Member=Component C30 100nF ±10% 50V
Added Member To Class: ClassName=Port Member=Component C31 100nF ±10% 50V
Added Member To Class: ClassName=Port Member=Component C32 1uF ±10% 25V
Added Member To Class: ClassName=Port Member=Component C33 100nF ±10% 50V
Added Member To Class: ClassName=Port Member=Component C34 100nF ±10% 50V
Added Member To Class: ClassName=Port Member=Component C35 10uF ±10% 25V
Added Member To Class: ClassName=Port Member=Component C36 22μF/35V
Added Member To Class: ClassName=Port Member=Component C37 100nF ±10% 50V
Added Member To Class: ClassName=Port Member=Component C38 100nF ±10% 50V
Added Member To Class: ClassName=Port Member=Component C39 100nF ±10% 50V
Added Member To Class: ClassName=Port Member=Component C40 100nF ±10% 50V
Added Member To Class: ClassName=Port Member=Component C41 100nF ±10% 50V
Added Member To Class: ClassName=Port Member=Component C42 22uF ±10% 25V
Added Member To Class: ClassName=Port Member=Component C43 100nF ±10% 50V
Added Member To Class: ClassName=Port Member=Component C44 220pF ±10% 25V
Added Member To Class: ClassName=Port Member=Component C45 100nF ±10% 50V
Added Member To Class: ClassName=Port Member=Component C46 470uF 25V
Added Member To Class: ClassName=Port Member=Component C47 22μF/35V
Added Member To Class: ClassName=Port Member=Component C48 22μF/35V
Added Member To Class: ClassName=Port Member=Component C49 100nF ±10% 50V
Added Member To Class: ClassName=Port Member=Component C50 100nF ±10% 50V
Added Member To Class: ClassName=Port Member=Component C51 100nF ±10% 50V
Added Member To Class: ClassName=Port Member=Component C52 22uF ±10% 25V
Added Member To Class: ClassName=Port Member=Component C53 100nF ±10% 50V
Added Member To Class: ClassName=Port Member=Component C54 220pF ±10% 25V
Added Member To Class: ClassName=Port Member=Component C55 100nF ±10% 50V
Added Member To Class: ClassName=Port Member=Component C56 100nF ±10% 50V
Added Member To Class: ClassName=Port Member=Component C57 100nF ±10% 50V
Added Member To Class: ClassName=Port Member=Component C58 100nF ±10% 50V
Added Member To Class: ClassName=Port Member=Component C59 100nF ±10% 50V
Added Member To Class: ClassName=Port Member=Component C60 100nF ±10% 50V
Added Member To Class: ClassName=Port Member=Component C61 22μF/35V
Added Member To Class: ClassName=Port Member=Component C62 22μF/35V
Added Member To Class: ClassName=Port Member=Component C63 22μF/35V
Added Member To Class: ClassName=Port Member=Component C64 470uF 25V
Added Member To Class: ClassName=Port Member=Component C65 470uF 25V
Added Member To Class: ClassName=Port Member=Component C66 470uF 25V
Added Member To Class: ClassName=Port Member=Component C67 470uF 25V
Added Member To Class: ClassName=Port Member=Component D1 1N5819
Added Member To Class: ClassName=Port Member=Component D2 1N5819
Added Member To Class: ClassName=Port Member=Component D6 1N5819
Added Member To Class: ClassName=Port Member=Component D7 MMSZ3V6
Added Member To Class: ClassName=Port Member=Component D8 SS54
Added Member To Class: ClassName=Port Member=Component D9 SMDJ20CA
Added Member To Class: ClassName=Port Member=Component D10 1N5819
Added Member To Class: ClassName=Port Member=Component D11 SS54
Added Member To Class: ClassName=Port Member=Component ENABLE1 SW-SPDT
Added Member To Class: ClassName=Port Member=Component EN 蓝色贴片LED
Added Member To Class: ClassName=Port Member=Component ERR1 黄色贴片LED
Added Member To Class: ClassName=Port Member=Component FB1 0R @100MHz 500mA
Added Member To Class: ClassName=Port Member=Component FB2 0R @100MHz 500mA
Added Member To Class: ClassName=Port Member=Component FB3 0R @100MHz 500mA
Added Member To Class: ClassName=Port Member=Component Hall1 Header 6
Added Member To Class: ClassName=Port Member=Component JP1 Header 5X2
Added Member To Class: ClassName=Port Member=Component L1 4.7uH
Added Member To Class: ClassName=Port Member=Component L2 4.7uH
Added Member To Class: ClassName=Port Member=Component L3 3.3uH
Added Member To Class: ClassName=Port Member=Component NC1 Node
Added Member To Class: ClassName=Port Member=Component NC2 Node
Added Member To Class: ClassName=Port Member=Component PWM1 蓝色贴片LED
Added Member To Class: ClassName=Port Member=Component Q1 BSL215C
Added Member To Class: ClassName=Port Member=Component Q2 BSC014N04LS
Added Member To Class: ClassName=Port Member=Component Q3 BSC014N04LS
Added Member To Class: ClassName=Port Member=Component Q4 BSC014N04LS
Added Member To Class: ClassName=Port Member=Component Q5 BSC014N04LS
Added Member To Class: ClassName=Port Member=Component Q6 BSC014N04LS
Added Member To Class: ClassName=Port Member=Component Q7 BSC014N04LS
Added Member To Class: ClassName=Port Member=Component Q8 BSC014N04LS
Added Member To Class: ClassName=Port Member=Component Q9 BSC014N04LS
Added Member To Class: ClassName=Port Member=Component Q10 BSC014N04LS
Added Member To Class: ClassName=Port Member=Component Q11 BSC014N04LS
Added Member To Class: ClassName=Port Member=Component Q12 BSC014N04LS
Added Member To Class: ClassName=Port Member=Component Q13 BSC014N04LS
Added Member To Class: ClassName=Port Member=Component R1 47K
Added Member To Class: ClassName=Port Member=Component R2 0R ±1%
Added Member To Class: ClassName=Port Member=Component R3 47K
Added Member To Class: ClassName=Port Member=Component R4 47K
Added Member To Class: ClassName=Port Member=Component R5 0R ±1%
Added Member To Class: ClassName=Port Member=Component R6 47K
Added Member To Class: ClassName=Port Member=Component R7 47K
Added Member To Class: ClassName=Port Member=Component R8 47K
Added Member To Class: ClassName=Port Member=Component R9 47K
Added Member To Class: ClassName=Port Member=Component R10 10K
Added Member To Class: ClassName=Port Member=Component R11 2.7K
Added Member To Class: ClassName=Port Member=Component R12 680R ±1%
Added Member To Class: ClassName=Port Member=Component R13 0R
Added Member To Class: ClassName=Port Member=Component R14 0R
Added Member To Class: ClassName=Port Member=Component R15 10K ±1%
Added Member To Class: ClassName=Port Member=Component R16 100R ±1%
Added Member To Class: ClassName=Port Member=Component R17 100R ±1%
Added Member To Class: ClassName=Port Member=Component R18 100R ±1%
Added Member To Class: ClassName=Port Member=Component R19 100R ±1%
Added Member To Class: ClassName=Port Member=Component R20 10K ±1%
Added Member To Class: ClassName=Port Member=Component R21 10K ±1%
Added Member To Class: ClassName=Port Member=Component R22 100R ±1%
Added Member To Class: ClassName=Port Member=Component R23 100R ±1%
Added Member To Class: ClassName=Port Member=Component R24 10K ±1%
Added Member To Class: ClassName=Port Member=Component R25 4R7 ±1%
Added Member To Class: ClassName=Port Member=Component R26 4R7 ±1%
Added Member To Class: ClassName=Port Member=Component R27 4R7 ±1%
Added Member To Class: ClassName=Port Member=Component R28 10K ±1%
Added Member To Class: ClassName=Port Member=Component R29 10K ±1%
Added Member To Class: ClassName=Port Member=Component R30 10K ±1%
Added Member To Class: ClassName=Port Member=Component R31 4R7 ±1%
Added Member To Class: ClassName=Port Member=Component R32 4R7 ±1%
Added Member To Class: ClassName=Port Member=Component R33 4R7 ±1%
Added Member To Class: ClassName=Port Member=Component R34 10K ±1%
Added Member To Class: ClassName=Port Member=Component R35 100R ±1%
Added Member To Class: ClassName=Port Member=Component R36 100R ±1%
Added Member To Class: ClassName=Port Member=Component R37 10K ±1%
Added Member To Class: ClassName=Port Member=Component R38 10K ±1%
Added Member To Class: ClassName=Port Member=Component R39 10K ±1%
Added Member To Class: ClassName=Port Member=Component R40 10K ±1%
Added Member To Class: ClassName=Port Member=Component R41 2mR ±1%
Added Member To Class: ClassName=Port Member=Component R42 2mR ±1%
Added Member To Class: ClassName=Port Member=Component R43 2mR ±1%
Added Member To Class: ClassName=Port Member=Component R44 10K ±1%
Added Member To Class: ClassName=Port Member=Component R45 100R ±1%
Added Member To Class: ClassName=Port Member=Component R46 100R ±1%
Added Member To Class: ClassName=Port Member=Component R47 2mR ±1%
Added Member To Class: ClassName=Port Member=Component R48 10K ±1%
Added Member To Class: ClassName=Port Member=Component R50 150K ±1%
Added Member To Class: ClassName=Port Member=Component R51 150K ±1%
Added Member To Class: ClassName=Port Member=Component R52 1K ±1%
Added Member To Class: ClassName=Port Member=Component R53 1K ±1%
Added Member To Class: ClassName=Port Member=Component R54 1K ±1%
Added Member To Class: ClassName=Port Member=Component R55 1K ±1%
Added Member To Class: ClassName=Port Member=Component R56 1K ±1%
Added Member To Class: ClassName=Port Member=Component R57 1K ±1%
Added Member To Class: ClassName=Port Member=Component R58 1K ±1%
Added Member To Class: ClassName=Port Member=Component R59 1K ±1%
Added Member To Class: ClassName=Port Member=Component R60 150K ±1%
Added Member To Class: ClassName=Port Member=Component R61 150K ±1%
Added Member To Class: ClassName=Port Member=Component R62 10K ±1%
Added Member To Class: ClassName=Port Member=Component R63 150K ±1%
Added Member To Class: ClassName=Port Member=Component R64 150K ±1%
Added Member To Class: ClassName=Port Member=Component R65 1K ±1%
Added Member To Class: ClassName=Port Member=Component R66 1K ±1%
Added Member To Class: ClassName=Port Member=Component R67 1K ±1%
Added Member To Class: ClassName=Port Member=Component R68 1K ±1%
Added Member To Class: ClassName=Port Member=Component R69 1K ±1%
Added Member To Class: ClassName=Port Member=Component R70 1K ±1%
Added Member To Class: ClassName=Port Member=Component R71 1K ±1%
Added Member To Class: ClassName=Port Member=Component R72 1K ±1%
Added Member To Class: ClassName=Port Member=Component R73 150K ±1%
Added Member To Class: ClassName=Port Member=Component R74 150K ±1%
Added Member To Class: ClassName=Port Member=Component R75 10K ±1%
Added Member To Class: ClassName=Port Member=Component R76 1K ±1%
Added Member To Class: ClassName=Port Member=Component R77 1K ±1%
Added Member To Class: ClassName=Port Member=Component R78 1K ±1%
Added Member To Class: ClassName=Port Member=Component R79 1K ±1%
Added Member To Class: ClassName=Port Member=Component R80 1M ±1%
Added Member To Class: ClassName=Port Member=Component R81 20K ±1%
Added Member To Class: ClassName=Port Member=Component R82 2K ±1%
Added Member To Class: ClassName=Port Member=Component R83 4.7K ±1%
Added Member To Class: ClassName=Port Member=Component R84 4.7K ±1%
Added Member To Class: ClassName=Port Member=Component R85 4.7K ±1%
Added Member To Class: ClassName=Port Member=Component R86 10K ±1%
Added Member To Class: ClassName=Port Member=Component R87 100R ±1%
Added Member To Class: ClassName=Port Member=Component R88 100R ±1%
Added Member To Class: ClassName=Port Member=Component R89 100R ±1%
Added Member To Class: ClassName=Port Member=Component R90 30K ±1%
Added Member To Class: ClassName=Port Member=Component R91 100R ±1%
Added Member To Class: ClassName=Port Member=Component R92 100R ±1%
Added Member To Class: ClassName=Port Member=Component R93 10K ±1%
Added Member To Class: ClassName=Port Member=Component R94 4.7K ±1%
Added Member To Class: ClassName=Port Member=Component R95 73.2K ±1%
Added Member To Class: ClassName=Port Member=Component R96 10K ±1%
Added Member To Class: ClassName=Port Member=Component R97 100R ±1%
Added Member To Class: ClassName=Port Member=Component R98 2.7K ±1%
Added Member To Class: ClassName=Port Member=Component R99 10K ±1%
Added Member To Class: ClassName=Port Member=Component R100 45.3K ±1%
Added Member To Class: ClassName=Port Member=Component R101 10K ±1%
Added Member To Class: ClassName=Port Member=Component R102 100R ±1%
Added Member To Class: ClassName=Port Member=Component R103 10K ±1%
Added Member To Class: ClassName=Port Member=Component R104 10K ±1%
Added Member To Class: ClassName=Port Member=Component R105 10K ±1%
Added Member To Class: ClassName=Port Member=Component R106 15K ±1%
Added Member To Class: ClassName=Port Member=Component R107 51K ±1%
Added Member To Class: ClassName=Port Member=Component RST1 Button
Added Member To Class: ClassName=Port Member=Component RUN1 翠绿贴片LED
Added Member To Class: ClassName=Port Member=Component SIGIN1 Header 3X2
Added Member To Class: ClassName=Port Member=Component TP1 TEST
Added Member To Class: ClassName=Port Member=Component TP2 TEST
Added Member To Class: ClassName=Port Member=Component TP3 TEST
Added Member To Class: ClassName=Port Member=Component TP4 TEST
Added Member To Class: ClassName=Port Member=Component TP5 TEST
Added Member To Class: ClassName=Port Member=Component TP6 TEST
Added Member To Class: ClassName=Port Member=Component TP7 TEST
Added Member To Class: ClassName=Port Member=Component TP8 TEST
Added Member To Class: ClassName=Port Member=Component TP9 TEST
Added Member To Class: ClassName=Port Member=Component TP10 TEST
Added Member To Class: ClassName=Port Member=Component U1 SAK-TC264D-40F200N
Added Member To Class: ClassName=Port Member=Component U2 AUIRS2181
Added Member To Class: ClassName=Port Member=Component U3 AUIRS2181
Added Member To Class: ClassName=Port Member=Component U4 AUIRS2181
Added Member To Class: ClassName=Port Member=Component U5 COS8552SR
Added Member To Class: ClassName=Port Member=Component U6 COS8552SR
Added Member To Class: ClassName=Port Member=Component U7 ETA7014
Added Member To Class: ClassName=Port Member=Component U8 RY8121
Added Member To Class: ClassName=Port Member=Component U9 COS8552SR
Added Member To Class: ClassName=Port Member=Component U10 RY8121
Added Member To Class: ClassName=Port Member=Component Y1 20MHz
Added Room: Name=Port
