Removed Pin From Net: NetName=VCC1V3 Pin=C35-1
Removed Pin From Net: NetName=VCC3V3 Pin=C67-1
Removed Pin From Net: NetName=VCC3V3 Pin=U20-4
Removed Pin From Net: NetName=VCC1V3 Pin=U20-6
Added Component: Designator=R49(RESC1608[0603]S-N)
Add component. Clean all parameters for all variants
Add component (AddParameter): Name = "Published"; Value = "8-Jun-2000"; VariantName = "[No Variations]"
Add component (AddParameter): Name = "Revision"; Value = "July-2002: Re-released for DXP Platform."; VariantName = "[No Variations]"
Add component (AddParameter): Name = "Tolerance"; Value = "¡À1%"; VariantName = "[No Variations]"
Add component (AddParameter): Name = "Value"; Value = "0R"; VariantName = "[No Variations]"
Added Component: Designator=R80(RESC1608[0603]S-N)
Add component. Clean all parameters for all variants
Add component (AddParameter): Name = "Published"; Value = "8-Jun-2000"; VariantName = "[No Variations]"
Add component (AddParameter): Name = "Revision"; Value = "July-2002: Re-released for DXP Platform."; VariantName = "[No Variations]"
Add component (AddParameter): Name = "Tolerance"; Value = "¡À1%"; VariantName = "[No Variations]"
Add component (AddParameter): Name = "Value"; Value = "0R"; VariantName = "[No Variations]"
Added Pin To Net: NetName=VCC1V3 Pin=R49-1
Added Pin To Net: NetName=VCC3V3 Pin=R80-2
Added Pin To Net: NetName=NetC35_1 Pin=C35-1
Added Pin To Net: NetName=NetC35_1 Pin=R49-2
Added Pin To Net: NetName=NetC35_1 Pin=U20-6
Added Net: Name=NetC35_1
Added Pin To Net: NetName=NetC67_1 Pin=C67-1
Added Pin To Net: NetName=NetC67_1 Pin=R80-1
Added Pin To Net: NetName=NetC67_1 Pin=U20-4
Added Net: Name=NetC67_1
Added Member To Class: ClassName=Port Member=Component * M3
Added Member To Class: ClassName=Port Member=Component * M3
Added Member To Class: ClassName=Port Member=Component * M3
Added Member To Class: ClassName=Port Member=Component R49 0R ¡À1%
Added Member To Class: ClassName=Port Member=Component R80 0R ¡À1%
Added Room: Name=Port
